Unity Editor version:    2021.3.21f1 (1b156197d683)
Branch:                  2021.3/staging
Build type:              Release
Batch mode:              YES
macOS version:           Version 12.6 (Build 21G115)
Darwin version:          21.6.0
Architecture:            x86_64
Running under Rosetta:   NO
Available memory:        8192 MB
Using pre-set license
Pro License: YES

COMMAND LINE ARGUMENTS:
/Users/kentrachmat/Applications/2021.3.21f1/Unity.app/Contents/MacOS/Unity
-adb2
-batchMode
-noUpm
-name
AssetImportWorker1
-projectPath
/Users/kentrachmat/Downloads/animations 2
-logFile
Logs/AssetImportWorker1.log
-srvPort
57809
Successfully changed project path to: /Users/kentrachmat/Downloads/animations 2
/Users/kentrachmat/Downloads/animations 2
[UnityMemory] Configuration Parameters - Can be set up in boot.config
    "memorysetup-bucket-allocator-granularity=16"
    "memorysetup-bucket-allocator-bucket-count=8"
    "memorysetup-bucket-allocator-block-size=33554432"
    "memorysetup-bucket-allocator-block-count=8"
    "memorysetup-main-allocator-block-size=16777216"
    "memorysetup-thread-allocator-block-size=16777216"
    "memorysetup-gfx-main-allocator-block-size=16777216"
    "memorysetup-gfx-thread-allocator-block-size=16777216"
    "memorysetup-cache-allocator-block-size=4194304"
    "memorysetup-typetree-allocator-block-size=2097152"
    "memorysetup-profiler-bucket-allocator-granularity=16"
    "memorysetup-profiler-bucket-allocator-bucket-count=8"
    "memorysetup-profiler-bucket-allocator-block-size=33554432"
    "memorysetup-profiler-bucket-allocator-block-count=8"
    "memorysetup-profiler-allocator-block-size=16777216"
    "memorysetup-profiler-editor-allocator-block-size=1048576"
    "memorysetup-temp-allocator-size-main=16777216"
    "memorysetup-job-temp-allocator-block-size=2097152"
    "memorysetup-job-temp-allocator-block-size-background=1048576"
    "memorysetup-job-temp-allocator-reduction-small-platforms=262144"
    "memorysetup-temp-allocator-size-background-worker=32768"
    "memorysetup-temp-allocator-size-job-worker=262144"
    "memorysetup-temp-allocator-size-preload-manager=33554432"
    "memorysetup-temp-allocator-size-nav-mesh-worker=65536"
    "memorysetup-temp-allocator-size-audio-worker=65536"
    "memorysetup-temp-allocator-size-cloud-worker=32768"
    "memorysetup-temp-allocator-size-gi-baking-worker=262144"
    "memorysetup-temp-allocator-size-gfx=262144"
Player connection [4563469824] Host "[IP] 172.18.86.102 [Port] 0 [Flags] 2 [Guid] 1459249179 [EditorId] 1459249179 [Version] 1048832 [Id] OSXEditor(0,client-172-18-86-102.eduroam.universite-paris-saclay.fr) [Debug] 1 [PackageName] OSXEditor [ProjectName] Editor" joined multi-casting on [225.0.0.222:54997]...

Player connection [4563469824] Host "[IP] 172.18.86.102 [Port] 0 [Flags] 2 [Guid] 1459249179 [EditorId] 1459249179 [Version] 1048832 [Id] OSXEditor(0,client-172-18-86-102.eduroam.universite-paris-saclay.fr) [Debug] 1 [PackageName] OSXEditor [ProjectName] Editor" joined alternative multi-casting on [225.0.0.222:34997]...

Refreshing native plugins compatible for Editor in 92.94 ms, found 2 plugins.
Preloading 0 native plugins for Editor in 0.00 ms.
Initialize engine version: 2021.3.21f1 (1b156197d683)
[Subsystems] Discovering subsystems at path /Users/kentrachmat/Applications/2021.3.21f1/Unity.app/Contents/Resources/UnitySubsystems
[Subsystems] Discovering subsystems at path /Users/kentrachmat/Downloads/animations 2/Assets
GfxDevice: creating device client; threaded=0; jobified=0
Color LCD preferred device: Intel(R) Iris(TM) Plus Graphics 655 (low power)
Metal devices available: 1
0: Intel(R) Iris(TM) Plus Graphics 655 (low power)
Using device Intel(R) Iris(TM) Plus Graphics 655 (low power)
Initializing Metal device caps: Intel(R) Iris(TM) Plus Graphics 655
Initialize mono
Mono path[0] = '/Users/kentrachmat/Applications/2021.3.21f1/Unity.app/Contents/Managed'
Mono path[1] = '/Users/kentrachmat/Applications/2021.3.21f1/Unity.app/Contents/MonoBleedingEdge/lib/mono/unityjit-macos'
Mono config path = '/Users/kentrachmat/Applications/2021.3.21f1/Unity.app/Contents/MonoBleedingEdge/etc'
Using monoOptions --debugger-agent=transport=dt_socket,embedding=1,server=y,suspend=n,address=127.0.0.1:56229
Begin MonoManager ReloadAssembly
Registering precompiled unity dll's ...
Register platform support module: /Users/kentrachmat/Applications/2021.3.21f1/PlaybackEngines/WebGLSupport/UnityEditor.WebGL.Extensions.dll
Register platform support module: /Users/kentrachmat/Applications/2021.3.21f1/Unity.app/Contents/PlaybackEngines/MacStandaloneSupport/UnityEditor.OSXStandalone.Extensions.dll
Registered in 0.003442 seconds.
Native extension for OSXStandalone target not found
Native extension for WebGL target not found
Refreshing native plugins compatible for Editor in 86.87 ms, found 2 plugins.
Preloading 0 native plugins for Editor in 0.00 ms.
Mono: successfully reloaded assembly
- Completed reload, in  0.983 seconds
Domain Reload Profiling:
	ReloadAssembly (984ms)
		BeginReloadAssembly (149ms)
			ExecutionOrderSort (0ms)
			DisableScriptedObjects (0ms)
			BackupInstance (0ms)
			ReleaseScriptingObjects (0ms)
			CreateAndSetChildDomain (1ms)
		EndReloadAssembly (695ms)
			LoadAssemblies (151ms)
			RebuildTransferFunctionScriptingTraits (0ms)
			SetupTypeCache (184ms)
			ReleaseScriptCaches (0ms)
			RebuildScriptCaches (56ms)
			SetupLoadedEditorAssemblies (358ms)
				LogAssemblyErrors (0ms)
				InitializePlatformSupportModulesInManaged (9ms)
				SetLoadedEditorAssemblies (0ms)
				RefreshPlugins (87ms)
				BeforeProcessingInitializeOnLoad (1ms)
				ProcessInitializeOnLoadAttributes (201ms)
				ProcessInitializeOnLoadMethodAttributes (59ms)
				AfterProcessingInitializeOnLoad (0ms)
				EditorAssembliesLoaded (0ms)
			ExecutionOrderSort2 (0ms)
			AwakeInstancesAfterBackupRestoration (0ms)
Platform modules already initialized, skipping
Registering precompiled user dll's ...
Registered in 0.002350 seconds.
Begin MonoManager ReloadAssembly
Symbol file LoadedFromMemory doesn't match image /Users/kentrachmat/Downloads/animations 2/Library/PackageCache/com.unity.visualscripting@1.8.0/Editor/VisualScripting.Core/Dependencies/YamlDotNet/Unity.VisualScripting.YamlDotNet.dll
Symbol file LoadedFromMemory doesn't match image /Users/kentrachmat/Downloads/animations 2/Library/PackageCache/com.unity.visualscripting@1.8.0/Editor/VisualScripting.Core/Dependencies/DotNetZip/Unity.VisualScripting.IonicZip.dll
Native extension for OSXStandalone target not found
Native extension for WebGL target not found
Refreshing native plugins compatible for Editor in 0.51 ms, found 2 plugins.
Preloading 0 native plugins for Editor in 0.00 ms.
Mono: successfully reloaded assembly
- Completed reload, in  1.424 seconds
Domain Reload Profiling:
	ReloadAssembly (1425ms)
		BeginReloadAssembly (186ms)
			ExecutionOrderSort (0ms)
			DisableScriptedObjects (9ms)
			BackupInstance (0ms)
			ReleaseScriptingObjects (0ms)
			CreateAndSetChildDomain (55ms)
		EndReloadAssembly (1090ms)
			LoadAssemblies (138ms)
			RebuildTransferFunctionScriptingTraits (0ms)
			SetupTypeCache (408ms)
			ReleaseScriptCaches (1ms)
			RebuildScriptCaches (74ms)
			SetupLoadedEditorAssemblies (437ms)
				LogAssemblyErrors (0ms)
				InitializePlatformSupportModulesInManaged (6ms)
				SetLoadedEditorAssemblies (1ms)
				RefreshPlugins (1ms)
				BeforeProcessingInitializeOnLoad (86ms)
				ProcessInitializeOnLoadAttributes (317ms)
				ProcessInitializeOnLoadMethodAttributes (25ms)
				AfterProcessingInitializeOnLoad (2ms)
				EditorAssembliesLoaded (0ms)
			ExecutionOrderSort2 (0ms)
			AwakeInstancesAfterBackupRestoration (5ms)
Platform modules already initialized, skipping
========================================================================
Worker process is ready to serve import requests
Launching external process: /Users/kentrachmat/Applications/2021.3.21f1/Unity.app/Contents/Tools/UnityShaderCompiler
Launched and connected shader compiler UnityShaderCompiler after 0.13 seconds
Refreshing native plugins compatible for Editor in 0.74 ms, found 2 plugins.
Preloading 0 native plugins for Editor in 0.00 ms.
Unloading 3047 Unused Serialized files (Serialized files now loaded: 0)
Unloading 24 unused Assets / (88.6 KB). Loaded Objects now: 3507.
Memory consumption went from 102.3 MB to 102.2 MB.
Total: 4.193356 ms (FindLiveObjects: 0.317709 ms CreateObjectMapping: 0.272205 ms MarkObjects: 3.464662 ms  DeleteObjects: 0.137356 ms)

AssetImportParameters requested are different than current active one (requested -> active):
  custom:video-decoder-ogg-theora: a1e56fd34408186e4bbccfd4996cb3dc -> 
  custom:container-muxer-webm: aa71ff27fc2769a1b78a27578f13a17b -> 
  custom:container-demuxer-webm: 4f35f7cbe854078d1ac9338744f61a02 -> 
  custom:video-encoder-webm-vp8: eb34c28f22e8b96e1ab97ce403110664 -> 
  custom:framework-osx-AVFoundation: e770b220cccbd017edd2c1fefb359320 -> 
  custom:audio-encoder-webm-vorbis: bf7c407c2cedff20999df2af8eb42d56 -> 
  custom:container-demuxer-ogg: 62fdf1f143b41e24485cea50d1cbac27 -> 
  custom:video-decoder-webm-vp8: 9c59270c3fd7afecdb556c50c9e8de78 -> 
  custom:audio-decoder-ogg-vorbis: bf7c407c2cedff20999df2af8eb42d56 -> 
========================================================================
Received Import Request.
  Time since last request: 58945.480348 seconds.
  path: Assets/Animations/Thinking.fbx
  artifactKey: Guid(5cc1b8b0e2ec04bd483a9c86bf366a21) Importer(815301076,1909f56bfc062723c751e8b465ee728b)
Start importing Assets/Animations/Thinking.fbx using Guid(5cc1b8b0e2ec04bd483a9c86bf366a21) Importer(815301076,1909f56bfc062723c751e8b465ee728b)  -> (artifact id: 'd71e88a1fc5b237a202408fa503b8eff') in 0.516333 seconds 
========================================================================
Received Import Request.
  Time since last request: 607.908054 seconds.
  path: Assets/Remy_Body_Diffuse.png
  artifactKey: Guid(2171ae0f1c9444ccbbd1a138106af741) Importer(815301076,1909f56bfc062723c751e8b465ee728b)
Start importing Assets/Remy_Body_Diffuse.png using Guid(2171ae0f1c9444ccbbd1a138106af741) Importer(815301076,1909f56bfc062723c751e8b465ee728b)  -> (artifact id: '64036cc40ef995c985091b14a0e2b5d0') in 1.640090 seconds 
========================================================================
Received Import Request.
  Time since last request: 0.000132 seconds.
  path: Assets/Remy_Top_Specular.png
  artifactKey: Guid(8675ce10a28b74450a65280e1a1586ee) Importer(815301076,1909f56bfc062723c751e8b465ee728b)
Start importing Assets/Remy_Top_Specular.png using Guid(8675ce10a28b74450a65280e1a1586ee) Importer(815301076,1909f56bfc062723c751e8b465ee728b)  -> (artifact id: 'db2d46e9d08fe9d37c8e74d8126e0b13') in 0.014113 seconds 
========================================================================
Received Import Request.
  Time since last request: 0.000080 seconds.
  path: Assets/Remy_Hair_Normal.png
  artifactKey: Guid(f9ca1f09f418a4f03a0cfc82328eb665) Importer(815301076,1909f56bfc062723c751e8b465ee728b)
Start importing Assets/Remy_Hair_Normal.png using Guid(f9ca1f09f418a4f03a0cfc82328eb665) Importer(815301076,1909f56bfc062723c751e8b465ee728b)  -> (artifact id: 'c1cc8247b3762a3e068408e917ab7201') in 0.018171 seconds 
========================================================================
Received Import Request.
  Time since last request: 0.000072 seconds.
  path: Assets/Remy_Bottom_Gloss.png
  artifactKey: Guid(65c5d9a0662bf40d4a15c6b3bda1bd09) Importer(815301076,1909f56bfc062723c751e8b465ee728b)
Start importing Assets/Remy_Bottom_Gloss.png using Guid(65c5d9a0662bf40d4a15c6b3bda1bd09) Importer(815301076,1909f56bfc062723c751e8b465ee728b)  -> (artifact id: 'c8e5885abc1ddf4d7b61427c4690a26f') in 0.010979 seconds 
========================================================================
Received Import Request.
  Time since last request: 0.000061 seconds.
  path: Assets/Remy_Shoes_Gloss.png
  artifactKey: Guid(e3a17a58b331d4df9a944812be3e4269) Importer(815301076,1909f56bfc062723c751e8b465ee728b)
Start importing Assets/Remy_Shoes_Gloss.png using Guid(e3a17a58b331d4df9a944812be3e4269) Importer(815301076,1909f56bfc062723c751e8b465ee728b)  -> (artifact id: 'b326f701fa5368f5fcc8bfa285acbd15') in 0.019460 seconds 
========================================================================
Received Import Request.
  Time since last request: 0.000079 seconds.
  path: Assets/Remy_Bottom_Diffuse.png
  artifactKey: Guid(28b61e49c12d34498af63e6c9a700cb1) Importer(815301076,1909f56bfc062723c751e8b465ee728b)
Start importing Assets/Remy_Bottom_Diffuse.png using Guid(28b61e49c12d34498af63e6c9a700cb1) Importer(815301076,1909f56bfc062723c751e8b465ee728b)  -> (artifact id: 'b8b8570eb0f9ae64103e5f67b09b3903') in 0.013116 seconds 
========================================================================
Received Import Request.
  Time since last request: 0.000073 seconds.
  path: Assets/Remy_Bottom_Normal.png
  artifactKey: Guid(3ad24f246ae1f41a8aba61ac3b9884b6) Importer(815301076,1909f56bfc062723c751e8b465ee728b)
Start importing Assets/Remy_Bottom_Normal.png using Guid(3ad24f246ae1f41a8aba61ac3b9884b6) Importer(815301076,1909f56bfc062723c751e8b465ee728b)  -> (artifact id: 'a9e6d16cd8bfc07ceb22daefd6f71add') in 0.016519 seconds 
========================================================================
Received Import Request.
  Time since last request: 0.000073 seconds.
  path: Assets/Remy_Body_Gloss.png
  artifactKey: Guid(bf6070843abc84e6cb71956320f4d5c2) Importer(815301076,1909f56bfc062723c751e8b465ee728b)
Start importing Assets/Remy_Body_Gloss.png using Guid(bf6070843abc84e6cb71956320f4d5c2) Importer(815301076,1909f56bfc062723c751e8b465ee728b)  -> (artifact id: '65f6c059b993584a459b7148800f42f5') in 0.020725 seconds 
========================================================================
Received Import Request.
  Time since last request: 0.000076 seconds.
  path: Assets/Remy_Body_Normal.png
  artifactKey: Guid(489a3ba5ba61e4f22b6bab6446446dfe) Importer(815301076,1909f56bfc062723c751e8b465ee728b)
Start importing Assets/Remy_Body_Normal.png using Guid(489a3ba5ba61e4f22b6bab6446446dfe) Importer(815301076,1909f56bfc062723c751e8b465ee728b)  -> (artifact id: '54d18f6d801a219a27d3b541c7a8706b') in 0.018583 seconds 
========================================================================
Received Import Request.
  Time since last request: 0.000115 seconds.
  path: Assets/Remy_Hair_Specular.png
  artifactKey: Guid(eed12552de5d54753a31ba698c9aa87b) Importer(815301076,1909f56bfc062723c751e8b465ee728b)
Start importing Assets/Remy_Hair_Specular.png using Guid(eed12552de5d54753a31ba698c9aa87b) Importer(815301076,1909f56bfc062723c751e8b465ee728b)  -> (artifact id: 'e90fb338e95f7e079725820149f009a0') in 0.015611 seconds 
========================================================================
Received Import Request.
  Time since last request: 0.000071 seconds.
  path: Assets/Remy_Body_Opacity.png
  artifactKey: Guid(7f6787bc227394ce8b28affc96991698) Importer(815301076,1909f56bfc062723c751e8b465ee728b)
Start importing Assets/Remy_Body_Opacity.png using Guid(7f6787bc227394ce8b28affc96991698) Importer(815301076,1909f56bfc062723c751e8b465ee728b)  -> (artifact id: 'accf88c729373747136fdb72de157289') in 0.013333 seconds 
========================================================================
Received Import Request.
  Time since last request: 1.758955 seconds.
  path: Assets/Remy_Body_Normal.png
  artifactKey: Guid(489a3ba5ba61e4f22b6bab6446446dfe) Importer(815301076,1909f56bfc062723c751e8b465ee728b)
Start importing Assets/Remy_Body_Normal.png using Guid(489a3ba5ba61e4f22b6bab6446446dfe) Importer(815301076,1909f56bfc062723c751e8b465ee728b)  -> (artifact id: '68c8963a8997a01847f20cb4037436a1') in 0.529670 seconds 
========================================================================
Received Import Request.
  Time since last request: 0.000124 seconds.
  path: Assets/Remy_Shoes_Normal.png
  artifactKey: Guid(9d37372636f124c689ba72b499770c13) Importer(815301076,1909f56bfc062723c751e8b465ee728b)
Start importing Assets/Remy_Shoes_Normal.png using Guid(9d37372636f124c689ba72b499770c13) Importer(815301076,1909f56bfc062723c751e8b465ee728b)  -> (artifact id: '9a7700d91b015b115b17a4b15ede65cd') in 0.026839 seconds 
========================================================================
Received Prepare
Registering precompiled user dll's ...
Registered in 0.001970 seconds.
Begin MonoManager ReloadAssembly
Symbol file LoadedFromMemory doesn't match image /Users/kentrachmat/Downloads/animations 2/Library/PackageCache/com.unity.visualscripting@1.8.0/Editor/VisualScripting.Core/Dependencies/YamlDotNet/Unity.VisualScripting.YamlDotNet.dll
Symbol file LoadedFromMemory doesn't match image /Users/kentrachmat/Downloads/animations 2/Library/PackageCache/com.unity.visualscripting@1.8.0/Editor/VisualScripting.Core/Dependencies/DotNetZip/Unity.VisualScripting.IonicZip.dll
Native extension for OSXStandalone target not found
Native extension for WebGL target not found
Refreshing native plugins compatible for Editor in 0.90 ms, found 2 plugins.
Preloading 0 native plugins for Editor in 0.00 ms.
Mono: successfully reloaded assembly
- Completed reload, in  1.850 seconds
Domain Reload Profiling:
	ReloadAssembly (1851ms)
		BeginReloadAssembly (446ms)
			ExecutionOrderSort (0ms)
			DisableScriptedObjects (14ms)
			BackupInstance (0ms)
			ReleaseScriptingObjects (0ms)
			CreateAndSetChildDomain (187ms)
		EndReloadAssembly (1247ms)
			LoadAssemblies (196ms)
			RebuildTransferFunctionScriptingTraits (0ms)
			SetupTypeCache (535ms)
			ReleaseScriptCaches (2ms)
			RebuildScriptCaches (76ms)
			SetupLoadedEditorAssemblies (463ms)
				LogAssemblyErrors (0ms)
				InitializePlatformSupportModulesInManaged (7ms)
				SetLoadedEditorAssemblies (1ms)
				RefreshPlugins (1ms)
				BeforeProcessingInitializeOnLoad (75ms)
				ProcessInitializeOnLoadAttributes (346ms)
				ProcessInitializeOnLoadMethodAttributes (31ms)
				AfterProcessingInitializeOnLoad (2ms)
				EditorAssembliesLoaded (0ms)
			ExecutionOrderSort2 (0ms)
			AwakeInstancesAfterBackupRestoration (8ms)
Platform modules already initialized, skipping
Refreshing native plugins compatible for Editor in 2.31 ms, found 2 plugins.
Preloading 0 native plugins for Editor in 0.00 ms.
Unloading 3042 Unused Serialized files (Serialized files now loaded: 0)
Unloading 17 unused Assets / (68.3 KB). Loaded Objects now: 3516.
Memory consumption went from 112.6 MB to 112.5 MB.
Total: 5.981464 ms (FindLiveObjects: 0.720912 ms CreateObjectMapping: 0.399731 ms MarkObjects: 4.283831 ms  DeleteObjects: 0.575859 ms)

AssetImportParameters requested are different than current active one (requested -> active):
  custom:video-decoder-ogg-theora: a1e56fd34408186e4bbccfd4996cb3dc -> 
  custom:container-muxer-webm: aa71ff27fc2769a1b78a27578f13a17b -> 
  custom:container-demuxer-webm: 4f35f7cbe854078d1ac9338744f61a02 -> 
  custom:video-encoder-webm-vp8: eb34c28f22e8b96e1ab97ce403110664 -> 
  custom:framework-osx-AVFoundation: e770b220cccbd017edd2c1fefb359320 -> 
  custom:audio-encoder-webm-vorbis: bf7c407c2cedff20999df2af8eb42d56 -> 
  custom:container-demuxer-ogg: 62fdf1f143b41e24485cea50d1cbac27 -> 
  custom:video-decoder-webm-vp8: 9c59270c3fd7afecdb556c50c9e8de78 -> 
  custom:audio-decoder-ogg-vorbis: bf7c407c2cedff20999df2af8eb42d56 -> 
